MPASM  5.31                        PUNTO4.ASM   10-25-2023  21:07:18         PAGE  1


LOC  OBJECT CODE     LINE SOURCE TEXT
  VALUE

                      00001 ;---------------------------------------------------------------------------------------;
                      00002 ; Dal Degan Santiago - 45421137
                      00003 ; Ejercicio 2 - Punto 4 y 5
                      00004 ; En este programa se encienden los leds conectados a RB0, RB1, RB2, RB3 en orden con 
                      00005 ; un delay de 500ms entre ellos
                      00006 ; Luego se apagan en el orden contrario
                      00007 ;---------------------------------------------------------------------------------------;
                      00008 
                      00009 ; se configura el pic
                      00010 #include <p16f628a.inc>
                      00001         LIST
                      00002 ; P16F628A.INC  Standard Header File, Version 1.10    Microchip Technology, Inc.
                      00265         LIST
                      00266 
                      00011         LIST    P=16f628a
                      00012 
                      00013         org 0
                      00014 
                      00015         ; configuramos los puertos
0000   1683           00016         bsf STATUS, RP0 ; cambiamos al segundo banco de memoria
0001   30F0           00017         movlw b'11110000'
Message[302]: Register in operand not in bank 0.  Ensure that bank bits are correct.
0002   0086           00018         movwf TRISB ; Ponemos desde RB0 hasta RB3 
0003   1283           00019         bcf STATUS, RP0 ; Volvemos al primer banco
                      00020         
0004                  00021 INICIO
0004   2???           00022         call ENCENDER_ORDEN_CICLICO ; Empezamos el programa
0005   2???           00023         goto INICIO
                      00024         
                      00025         
0006                  00026 ENCENDER_ORDEN
                      00027         ; Prendemos los led en orden con 500ms de delay entre ellos
0006   1406           00028         bsf PORTB, 0 
0007   2???           00029         call DELAY500
0008   1486           00030         bsf PORTB, 1
0009   2???           00031         call DELAY500
000A   1506           00032         bsf PORTB, 2
000B   2???           00033         call DELAY500
000C   1586           00034         bsf PORTB, 3
000D   0008           00035         return
                      00036 
000E                  00037 APAGAR_ORDEN
                      00038         ; Apagamos los led en orden inverso con 500ms de delay entre ellos
000E   1186           00039         bcf PORTB, 3
000F   2???           00040         call DELAY500
0010   1106           00041         bcf PORTB, 2
0011   2???           00042         call DELAY500
0012   1086           00043         bcf PORTB, 1
0013   2???           00044         call DELAY500
0014   1006           00045         bcf PORTB, 0 
0015   0008           00046         return
                      00047 
0016                  00048 ENCENDER_ORDEN_CICLICO
MPASM  5.31                        PUNTO4.ASM   10-25-2023  21:07:18         PAGE  2


LOC  OBJECT CODE     LINE SOURCE TEXT
  VALUE

0016   2???           00049         call ENCENDER_ORDEN ; Encendemos los led en orden
0017   2???           00050         call DELAY500 ; Delay de 500ms
0018   2???           00051         call APAGAR_ORDEN ; Apagamos los led en orden
0019   2???           00052         call DELAY500
001A   0008           00053         return
                      00054         
001B                  00055 DELAY500
                      00056         ; estamos andando a 4Mhz
                      00057         ; un ciclo de instruccion son 4 ciclos de relojs es decir 4/4 = 1Mhz
                      00058         ; para calcular el tiempo hacemos 1/1Mhz = 1us
                      00059         ; si queremos lograr un delay de 1s necesitamos
                      00060         ; 500.000 ciclos de maquina
                      00061         ; sin embargo como toma 3 ciclos de maquina hacer el proceso
                      00062         ; dividimos 500.000/3 = 166.666,6666...
                      00063         ; ya que no entra eso en un registro lo separaremos en 3
                      00064         ; por cada valor del un registro el otro registro contara
                      00065         ; regresivamente su valor
                      00066         ; es decir reg1=10 reg=20, por cada 10 ciclos restando reg1
                      00067         ; se restara uno de reg2
                      00068         ; para saber los valores necesitamos reg1*reg2*reg3 = 166.666
                      00069         ; raiz cubica 166.666 = 55.03
                      00070         
001B   3037           00071         movlw d'55'
001C   00A0           00072         movwf 0x20
001D                  00073 REG2
001D   3037           00074         movlw d'55'
001E   00A1           00075         movwf 0x21
001F                  00076 REG3
001F   3037           00077         movlw d'55'
0020   00A2           00078         movwf 0x22
                      00079         
0021                  00080 START
0021   0BA2           00081         decfsz 0x22, 1
0022   2???           00082         goto START
0023   0BA1           00083         decfsz 0x21, 1
0024   2???           00084         goto REG3
0025   0BA0           00085         decfsz 0x20, 1
0026   2???           00086         goto REG2
0027   0064           00087         clrwdt
0028   0008           00088         return
                      00089 
                      00090         end
MPASM  5.31                        PUNTO4.ASM   10-25-2023  21:07:18         PAGE  3


SYMBOL TABLE
  LABEL                             VALUE 

ADEN                              00000003
APAGAR_ORDEN                      0000000E
BRGH                              00000002
C                                 00000000
C1INV                             00000004
C1OUT                             00000006
C2INV                             00000005
C2OUT                             00000007
CCP1CON                           00000017
CCP1IE                            00000002
CCP1IF                            00000002
CCP1M0                            00000000
CCP1M1                            00000001
CCP1M2                            00000002
CCP1M3                            00000003
CCP1X                             00000005
CCP1Y                             00000004
CCPR1H                            00000016
CCPR1L                            00000015
CIS                               00000003
CM0                               00000000
CM1                               00000001
CM2                               00000002
CMCON                             0000001F
CMIE                              00000006
CMIF                              00000006
CREN                              00000004
CSRC                              00000007
DC                                00000001
DELAY500                          0000001B
EEADR                             0000009B
EECON1                            0000009C
EECON2                            0000009D
EEDATA                            0000009A
EEIE                              00000007
EEIF                              00000007
ENCENDER_ORDEN                    00000006
ENCENDER_ORDEN_CICLICO            00000016
F                                 00000001
FERR                              00000002
FSR                               00000004
GIE                               00000007
INDF                              00000000
INICIO                            00000004
INTCON                            0000000B
INTE                              00000004
INTEDG                            00000006
INTF                              00000001
IRP                               00000007
NOT_BO                            00000000
NOT_BOD                           00000000
NOT_BOR                           00000000
NOT_PD                            00000003
MPASM  5.31                        PUNTO4.ASM   10-25-2023  21:07:18         PAGE  4


SYMBOL TABLE
  LABEL                             VALUE 

NOT_POR                           00000001
NOT_RBPU                          00000007
NOT_T1SYNC                        00000002
NOT_TO                            00000004
OERR                              00000001
OPTION_REG                        00000081
OSCF                              00000003
PCL                               00000002
PCLATH                            0000000A
PCON                              0000008E
PEIE                              00000006
PIE1                              0000008C
PIR1                              0000000C
PORTA                             00000005
PORTB                             00000006
PR2                               00000092
PS0                               00000000
PS1                               00000001
PS2                               00000002
PSA                               00000003
RBIE                              00000003
RBIF                              00000000
RCIE                              00000005
RCIF                              00000005
RCREG                             0000001A
RCSTA                             00000018
RD                                00000000
REG2                              0000001D
REG3                              0000001F
RP0                               00000005
RP1                               00000006
RX9                               00000006
RX9D                              00000000
SPBRG                             00000099
SPEN                              00000007
SREN                              00000005
START                             00000021
STATUS                            00000003
SYNC                              00000004
T0CS                              00000005
T0IE                              00000005
T0IF                              00000002
T0SE                              00000004
T1CKPS0                           00000004
T1CKPS1                           00000005
T1CON                             00000010
T1OSCEN                           00000003
T2CKPS0                           00000000
T2CKPS1                           00000001
T2CON                             00000012
TMR0                              00000001
TMR1CS                            00000001
TMR1H                             0000000F
MPASM  5.31                        PUNTO4.ASM   10-25-2023  21:07:18         PAGE  5


SYMBOL TABLE
  LABEL                             VALUE 

TMR1IE                            00000000
TMR1IF                            00000000
TMR1L                             0000000E
TMR1ON                            00000000
TMR2                              00000011
TMR2IE                            00000001
TMR2IF                            00000001
TMR2ON                            00000002
TOUTPS0                           00000003
TOUTPS1                           00000004
TOUTPS2                           00000005
TOUTPS3                           00000006
TRISA                             00000085
TRISB                             00000086
TRMT                              00000001
TX9                               00000006
TX9D                              00000000
TXEN                              00000005
TXIE                              00000004
TXIF                              00000004
TXREG                             00000019
TXSTA                             00000098
VR0                               00000000
VR1                               00000001
VR2                               00000002
VR3                               00000003
VRCON                             0000009F
VREN                              00000007
VROE                              00000006
VRR                               00000005
W                                 00000000
WR                                00000001
WREN                              00000002
WRERR                             00000003
Z                                 00000002
_BODEN_OFF                        00003FBF
_BODEN_ON                         00003FFF
_BOREN_OFF                        00003FBF
_BOREN_ON                         00003FFF
_CP_OFF                           00003FFF
_CP_ON                            00001FFF
_DATA_CP_OFF                      00003FFF
_DATA_CP_ON                       00003EFF
_ER_OSC_CLKOUT                    00003FFF
_ER_OSC_NOCLKOUT                  00003FFE
_EXTCLK_OSC                       00003FEF
_HS_OSC                           00003FEE
_INTOSC_OSC_CLKOUT                00003FFD
_INTOSC_OSC_NOCLKOUT              00003FFC
_INTRC_OSC_CLKOUT                 00003FFD
_INTRC_OSC_NOCLKOUT               00003FFC
_LP_OSC                           00003FEC
_LVP_OFF                          00003F7F
MPASM  5.31                        PUNTO4.ASM   10-25-2023  21:07:18         PAGE  6


SYMBOL TABLE
  LABEL                             VALUE 

_LVP_ON                           00003FFF
_MCLRE_OFF                        00003FDF
_MCLRE_ON                         00003FFF
_PWRTE_OFF                        00003FFF
_PWRTE_ON                         00003FF7
_RC_OSC_CLKOUT                    00003FFF
_RC_OSC_NOCLKOUT                  00003FFE
_WDT_OFF                          00003FFB
_WDT_ON                           00003FFF
_XT_OSC                           00003FED
__16F628A                         00000001
__DEBUG                           1

Errors   :     0
Warnings :     0 reported,     0 suppressed
Messages :     1 reported,     0 suppressed

